Arguments: 
  /Users/danochiana/.nvm/versions/node/v5.1.0/bin/node /Users/danochiana/.nvm/versions/node/v5.1.0/bin/yarn

PATH: 
  /Users/danochiana/.nvm/versions/node/v5.1.0/bin:/usr/local/bin:/usr/bin:/bin:/usr/sbin:/sbin:/Library/Frameworks/Mono.framework/Versions/Current/Commands

Yarn version: 
  0.22.0

Node version: 
  5.1.0

Platform: 
  darwin x64

npm manifest: 
  {
    "name": "makeen-videojs-fairplay",
    "version": "0.2.0",
    "description": "Video.js tech for supporting Fairplay streaming.",
    "main": "src/videojs-fairplay",
    "scripts": {
      "build": "npm run build:production && npm run build:development",
      "build:development": "webpack --config webpack/webpack.config",
      "build:production": "webpack --config webpack/webpack.config.production",
      "start": "webpack-dev-server --config webpack/webpack-dev-server",
      "lint:js": "eslint karma.conf.js src/ webpack/"
    },
    "keywords": [
      "html5",
      "player",
      "video",
      "videojs",
      "videojs-plugin"
    ],
    "author": "Carey Hinoki <carey.hinoki@gmail.com> (http://www.careyhinoki.me/)",
    "license": "MIT",
    "devDependencies": {
      "babel-core": "^6.21.0",
      "babel-loader": "^6.2.4",
      "babel-plugin-transform-object-rest-spread": "^6.8.0",
      "babel-plugin-transform-runtime": "^6.12.0",
      "babel-preset-es2015": "^6.9.0",
      "clean-webpack-plugin": "^0.1.10",
      "eslint": "^3.2.2",
      "eslint-config-airbnb-base": "^5.0.1",
      "eslint-loader": "^1.5.0",
      "eslint-plugin-import": "^1.12.0",
      "grunt": "^1.0.1",
      "grunt-bump": "^0.8.0",
      "load-grunt-tasks": "^3.5.0",
      "moment": "^2.14.1",
      "time-grunt": "^1.4.0",
      "video.js": "^5.10.7",
      "webpack": "^1.13.1",
      "webpack-dev-server": "^1.14.1"
    }
  }

yarn manifest: 
  No manifest

Lockfile: 
  No lockfile

Trace: 
  Error: https://registry.yarnpkg.com/video.js/-/video.js-5.20.3.tgz: Request failed "504 Gateway Timeout"
      at Request.res (/Users/danochiana/.nvm/versions/node/v5.1.0/lib/node_modules/yarn/lib/fetchers/tarball-fetcher.js:231:20)
      at emitOne (events.js:77:13)
      at Request.emit (events.js:169:7)
      at Request.onRequestResponse (/Users/danochiana/.nvm/versions/node/v5.1.0/lib/node_modules/yarn/node_modules/request/request.js:1074:10)
      at emitOne (events.js:77:13)
      at ClientRequest.emit (events.js:169:7)
      at HTTPParser.parserOnIncomingClient (_http_client.js:421:21)
      at HTTPParser.parserOnHeadersComplete (_http_common.js:88:23)
      at TLSSocket.socketOnData (_http_client.js:311:20)
      at emitOne (events.js:77:13)
      at TLSSocket.emit (events.js:169:7)
